[14Jun2025 14:42:11.612] [main/INFO] [cpw.mods.modlauncher.Launcher/MODLAUNCHER]: ModLauncher running: args [--launchTarget, neoforgeserverdev, --gameDir, ., --fml.fmlVersion, 6.0.11, --fml.mcVersion, 1.21.4, --fml.neoForgeVersion, 21.4.123, --fml.neoFormVersion, 20241203.161809]
[14Jun2025 14:42:11.619] [main/INFO] [cpw.mods.modlauncher.Launcher/MODLAUNCHER]: JVM identified as Eclipse Adoptium OpenJDK 64-Bit Server VM 21.0.5+11-LTS
[14Jun2025 14:42:11.622] [main/INFO] [cpw.mods.modlauncher.Launcher/MODLAUNCHER]: ModLauncher 11.0.4+main.d2e20e43 starting: java version 21.0.5 by Eclipse Adoptium; OS Windows 11 arch amd64 version 10.0
[14Jun2025 14:42:11.997] [main/INFO] [net.neoforged.fml.loading.ImmediateWindowHandler/]: ImmediateWindowProvider not loa[14Jun2025 14:42:11.999] [main/INFO] [net.neoforg[14Jun2025 14:42:12.311] [main/INFO] [mixin/]: SpongePowered MIXIN Subsystem Version=0.8.[14Jun2025 14:42:12.607] [main/INFO] [EARLYDISPLAY/]: Trying GL version 4.6
[14Jun2025 14:42:13.128] [main/INFO] [EARLYDISPLAY/]: Requested GL version 4.6 got version 4.6
[14Jun2025 14:42:13.666] [main/INFO] [mixin/]: SpongePowered MIX[14Jun2025 14:42:14.432] [main/INFO] [net.neoforged.fml.loading.moddiscovery.locators.JarInJarDependencyLocator/]: Found 2 dependencies adding them to mods collection
[14Jun2025 14:42:14.437] [main/INFO] [net.neoforged.fml.loading.moddiscovery.ModDiscoverer/]: 
     Mod List:
		Name Version (Mod Id)

		Minecraft 1.21.4 (minecraft)
		NeoForge 21.4.123 (neoforge)
		È©¨Âçö 0.0.0 (marb)
[14Jun2025 14:42:20.644] [main/INFO] [cpw.mods.modlauncher.LaunchServiceHandler/MODLAUNCHER]: Launching target 'neoforgeserverdev' with arguments [--gameDir, .]
[14Jun2025 14:42:26.782] [main/INFO] [MixinExtras|Service/]: Initializing MixinExtras via com.llamalad7.mixinextras.service.MixinExtrasServiceImpl(version=0.4.1).
[14Jun2025 14:42:43.664] [main/WARN] [net.minecraft.commands.Commands/]: Ambiguity between arguments [teleport, location] and [teleport, destination] with inputs: [0.1 -0.5 .9, 0 0 0]
[14Jun2025 14:42:43.669] [main/WARN] [net.minecraft.commands.Commands/]: Ambiguity between arguments [teleport, location] and [teleport, targets] with inputs: [0.1 -0.5 .9, 0 0 0]
[14Jun2025 14:42:43.675] [main/WARN] [net.minecraft.commands.Commands/]: Ambiguity between arguments [teleport, destination] and [teleport, targets] with inputs: [Player, 0123, @e, dd12be42-52a9-4a91-a8a1-11c01849e498]
[14Jun2025 14:42:43.677] [main/WARN] [net.minecraft.commands.Commands/]: Ambiguity between arguments [teleport, targets] and [teleport, destination] with inputs: [Player, 0123, dd12be42-52a9-4a91-a8a1-11c01849e498]
[14Jun2025 14:42:43.680] [main/WARN] [net.minecraft.commands.Commands/]: Ambiguity between arguments [teleport, targets, location] and [teleport, targets, destination] with inputs: [0.1 -0.5 .9, 0 0 0]
[14Jun2025 14:42:43.977] [modloading-worker-0/INFO] [net.neoforged.neoforge.common.NeoForgeMod/NEOFORGE-MOD]: NeoForge mod loading, version 21.4.123, for MC 1.21.4
[14Jun2025 14:42:45.413] [main/INFO] [com.mojang.authlib.yggdrasil.YggdrasilAuthenticationService/]: Environment: Environment[sessionHost=https://sessionserver.mojang.com, servicesHost=https://api.minecraftservices.com, name=PROD]
[14Jun2025 14:42:46.008] [main/WARN] [net.minecraft.server.packs.VanillaPackResourcesBuilder/]: Assets URL 'union:/X:/MarbWorkspace/build/moddev/artifacts/neoforge-21.4.123.jar%23149!/assets/.mcassetsroot' uses unexpected schema
[14Jun2025 14:42:46.009] [main/WARN] [net.minecraft.server.packs.VanillaPackResourcesBuilder/]: Assets URL 'union:/X:/MarbWorkspace/build/moddev/artifacts/neoforge-21.4.123.jar%23149!/data/.mcassetsroot' uses unexpected schema
[14Jun2025 14:42:50.597] [Yggdrasil Key Fetcher/ERROR] [com.mojang.authlib.yggdrasil.YggdrasilServicesKeyInfo/]: Failed to request yggdrasil public key
com.mojang.authlib.exceptions.MinecraftClientException: Failed to read from https://api.minecraftservices.com/publickeys due to Connect timed out
	at MC-BOOTSTRAP/authlib@6.0.57/com.mojang.authlib.minecraft.client.MinecraftClient.readInputStream(MinecraftClient.java:111) ~[authlib-6.0.57.jar%2394!/:?]
	at MC-BOOTSTRAP/authlib@6.0.57/com.mojang.authlib.minecraft.client.MinecraftClient.get(MinecraftClient.java:56) ~[authlib-6.0.57.jar%2394!/:?]
	at MC-BOOTSTRAP/authlib@6.0.57/com.mojang.authlib.yggdrasil.YggdrasilServicesKeyInfo.fetch(YggdrasilServicesKeyInfo.java:114) ~[authlib-6.0.57.jar%2394!/:?]
	at MC-BOOTSTRAP/authlib@6.0.57/com.mojang.authlib.yggdrasil.YggdrasilServicesKeyInfo$1.run(YggdrasilServicesKeyInfo.java:89) ~[authlib-6.0.57.jar%2394!/:?]
	at java.base/java.util.concurrent.Executors$RunnableAdapter.call(Executors.java:572) ~[?:?]
	at java.base/java.util.concurrent.FutureTask.run(FutureTask.java:317) ~[?:?]
	at java.base/java.util.concurrent.ScheduledThreadPoolExecutor$ScheduledFutureTask.run(ScheduledThreadPoolExecutor.java:304) ~[?:?]
	at java.base/java.util.concurrent.ThreadPoolExecutor.runWorker(ThreadPoolExecutor.java:1144) ~[?:?]
	at java.base/java.util.concurrent.ThreadPoolExecutor$Worker.run(ThreadPoolExecutor.java:642) ~[?:?]
	at java.base/java.lang.Thread.run(Thread.java:1583) [?:?]
Caused by: java.net.SocketTimeoutException: Connect timed out
	at java.base/sun.nio.ch.NioSocketImpl.timedFinishConnect(NioSocketImpl.java:546) ~[?:?]
	at java.base/sun.nio.ch.NioSocketImpl.connect(NioSocketImpl.java:592) ~[?:?]
	at java.base/java.net.SocksSocketImpl.connect(SocksSocketImpl.java:327) ~[?:?]
	at java.base/java.net.Socket.connect(Socket.java:751) ~[?:?]
	at java.base/sun.security.ssl.SSLSocketImpl.connect(SSLSocketImpl.java:304) ~[?:?]
	at java.base/sun.net.NetworkClient.doConnect(NetworkClient.java:178) ~[?:?]
	at java.base/sun.net.www.http.HttpClient.openServer(HttpClient.java:531) ~[?:?]
	at java.base/sun.net.www.http.HttpClient.openServer(HttpClient.java:636) ~[?:?]
	at java.base/sun.net.www.protocol.https.HttpsClient.<init>(HttpsClient.java:264) ~[?:?]
	at java.base/sun.net.www.protocol.https.HttpsClient.New(HttpsClient.java:377) ~[?:?]
	at java.base/sun.net.www.protocol.https.AbstractDelegateHttpsURLConnection.getNewHttpClient(AbstractDelegateHttpsURLConnection.java:193) ~[?:?]
	at java.base/sun.net.www.protocol.http.HttpURLConnection.plainConnect0(HttpURLConnection.java:1297) ~[?:?]
	at java.base/sun.net.www.protocol.http.HttpURLConnection.plainConnect(HttpURLConnection.java:1138) ~[?:?]
	at java.base/sun.net.www.protocol.https.AbstractDelegateHttpsURLConnection.connect(AbstractDelegateHttpsURLConnection.java:179) ~[?:?]
	at java.base/sun.net.www.protocol.http.HttpURLConnection.getInputStream0(HttpURLConnection.java:1690) ~[?:?]
	at java.base/sun.net.www.protocol.http.HttpURLConnection.getInputStream(HttpURLConnection.java:1614) ~[?:?]
	at java.base/java.net.HttpURLConnection.getResponseCode(HttpURLConnection.java:531) ~[?:?]
	at java.base/sun.net.www.protocol.https.HttpsURLConnectionImpl.getResponseCode(HttpsURLConnectionImpl.java:307) ~[?:?]
	at MC-BOOTSTRAP/authlib@6.0.57/com.mojang.authlib.minecraft.client.MinecraftClient.readInputStream(MinecraftClient.java:82) ~[authlib-6.0.57.jar%2394!/:?]
	... 9 more
[14Jun2025 14:42:51.552] [main/INFO] [net.minecraft.world.item.crafting.RecipeManager/]: Loaded 1381 recipes
[14Jun2025 14:42:51.585] [main/INFO] [net.minecraft.advancements.AdvancementTree/]: Loaded 1481 advancements
[14Jun2025 14:42:51.590] [main/INFO] [net.neoforged.neoforge.common.crafting.RecipePriorityManager/]: Loaded 0 recipe priority overrides
[14Jun2025 14:42:55.804] [Server thread/INFO] [net.minecraft.server.dedicated.DedicatedServer/]: Starting minecraft server version 1.21.4
[14Jun2025 14:42:55.806] [Server thread/INFO] [net.minecraft.server.dedicated.DedicatedServer/]: Loading properties
[14Jun2025 14:42:55.808] [Server thread/INFO] [net.minecraft.server.dedicated.DedicatedServer/]: Default game type: CREATIVE
[14Jun2025 14:42:55.808] [Server thread/INFO] [net.minecraft.server.MinecraftServer/]: Generating keypair
[14Jun2025 14:42:56.567] [Server thread/INFO] [net.minecraft.server.dedicated.DedicatedServer/]: Starting Minecraft server on *:25463
[14Jun2025 14:42:56.995] [Server thread/INFO] [net.minecraft.server.network.ServerConnectionListener/]: Using default channel type
[14Jun2025 14:42:57.300] [Server thread/WARN] [net.minecraft.server.dedicated.DedicatedServer/]: **** SERVER IS RUNNING IN OFFLINE/INSECURE MODE!
[14Jun2025 14:42:57.301] [Server thread/WARN] [net.minecraft.server.dedicated.DedicatedServer/]: The server will make no attempt to authenticate usernames. Beware.
[14Jun2025 14:42:57.301] [Server thread/WARN] [net.minecraft.server.dedicated.DedicatedServer/]: While this makes the game possible to play without internet access, it also opens up the ability for hackers to connect with any username they choose.
[14Jun2025 14:42:57.301] [Server thread/WARN] [net.minecraft.server.dedicated.DedicatedServer/]: To change this, set "online-mode" to "true" in the server.properties file.
[14Jun2025 14:42:57.502] [Server thread/INFO] [net.minecraft.server.dedicated.DedicatedServer/]: Preparing level "world"
[14Jun2025 14:42:58.734] [Server thread/INFO] [net.minecraft.server.MinecraftServer/]: Preparing start region for dimension minecraft:overworld
[14Jun2025 14:43:02.927] [worldgen/INFO] [net.minecraft.server.level.progress.LoggerChunkProgressListener/]: Preparing spawn area: 0%
[14Jun2025 14:43:02.928] [worldgen/INFO] [net.minecraft.server.level.progress.LoggerChunkProgressListener/]: Preparing spawn area: 0%
[14Jun2025 14:43:02.929] [worldgen/INFO] [net.minecraft.server.level.progress.LoggerChunkProgressListener/]: Preparing spawn area: 0%
[14Jun2025 14:43:02.930] [worldgen/INFO] [net.minecraft.server.level.progress.LoggerChunkProgressListener/]: Preparing spawn area: 0%
[14Jun2025 14:43:02.930] [worldgen/INFO] [net.minecraft.server.level.progress.LoggerChunkProgressListener/]: Preparing spawn area: 0%
[14Jun2025 14:43:02.930] [worldgen/INFO] [net.minecraft.server.level.progress.LoggerChunkProgressListener/]: Preparing spawn area: 0%
[14Jun2025 14:43:02.934] [worldgen/INFO] [net.minecraft.server.level.progress.LoggerChunkProgressListener/]: Preparing spawn area: 0%
[14Jun2025 14:43:02.937] [worldgen/INFO] [net.minecraft.server.level.progress.LoggerChunkProgressListener/]: Preparing spawn area: 0%
[14Jun2025 14:43:02.940] [worldgen/INFO] [net.minecraft.server.level.progress.LoggerChunkProgressListener/]: Preparing spawn area: 0%
[14Jun2025 14:43:03.255] [worldgen/INFO] [net.minecraft.server.level.progress.LoggerChunkProgressListener/]: Preparing spawn area: 38%
[14Jun2025 14:43:03.593] [Server thread/INFO] [net.minecraft.server.level.progress.LoggerChunkProgressListener/]: Time elapsed: 4858 ms
[14Jun2025 14:43:03.594] [Server thread/INFO] [net.minecraft.server.dedicated.DedicatedServer/]: Done (6.187s)! For help, type "help"
[14Jun2025 14:43:03.755] [Server thread/INFO] [net.neoforged.neoforge.gametest.GameTestHooks/]: Enabled Gametest Namespaces: []
[14Jun2025 14:43:03.782] [Server thread/INFO] [net.neoforged.neoforge.server.permission.PermissionAPI/]: Successfully initialized permission handler neoforge:default_handler
[14Jun2025 14:43:29.703] [Server thread/INFO] [net.minecraft.server.players.PlayerList/]: Dev[/[::1]:55392] logged in with entity id 55 at (-290.25885956154104, 67.0, -113.8698102606721)
[14Jun2025 14:43:29.967] [Server thread/INFO] [net.minecraft.server.MinecraftServer/]: Dev joined the game
[14Jun2025 14:43:34.137] [Server thread/WARN] [net.minecraft.server.MinecraftServer/]: Can't keep up! Is the server overloaded? Running 2047ms or 40 ticks behind
[14Jun2025 14:44:08.956] [Server thread/WARN] [net.minecraft.server.MinecraftServer/]: Can't keep up! Is the server overloaded? Running 3114ms or 62 ticks behind
[14Jun2025 14:44:57.820] [Server thread/WARN] [net.minecraft.server.MinecraftServer/]: Can't keep up! Is the server overloaded? Running 2978ms or 59 ticks behind
[14Jun2025 14:45:16.195] [Server thread/WARN] [net.minecraft.server.MinecraftServer/]: Can't keep up! Is the server overloaded? Running 2303ms or 46 ticks behind
[14Jun2025 14:45:20.098] [Server thread/INFO] [net.minecraft.server.MinecraftServer/]: [Dev: Set own game mode to Survival Mode]
[14Jun2025 14:45:30.373] [Server thread/INFO] [net.minecraft.world.entity.LivingEntity/]: Named entity MarbEntity['È©¨ÂçöÔºÅ'/135, l='ServerLevel[world]', x=-308.70, y=65.00, z=-22.70] died: È©¨ÂçöÔºÅ was slain by Dev
[14Jun2025 14:46:03.058] [Server thread/INFO] [net.minecraft.world.entity.LivingEntity/]: Named entity MarbEntity['È©¨ÂçöÔºÅ'/136, l='ServerLevel[world]', x=-312.75, y=64.00, z=-15.26] died: È©¨ÂçöÔºÅ was slain by Dev
[14Jun2025 14:47:55.661] [Yggdrasil Key Fetcher/ERROR] [com.mojang.authlib.yggdrasil.YggdrasilServicesKeyInfo/]: Failed to request yggdrasil public key
com.mojang.authlib.exceptions.MinecraftClientException: Failed to read from https://api.minecraftservices.com/publickeys due to Connect timed out
	at MC-BOOTSTRAP/authlib@6.0.57/com.mojang.authlib.minecraft.client.MinecraftClient.readInputStream(MinecraftClient.java:111) ~[authlib-6.0.57.jar%2394!/:?]
	at MC-BOOTSTRAP/authlib@6.0.57/com.mojang.authlib.minecraft.client.MinecraftClient.get(MinecraftClient.java:56) ~[authlib-6.0.57.jar%2394!/:?]
	at MC-BOOTSTRAP/authlib@6.0.57/com.mojang.authlib.yggdrasil.YggdrasilServicesKeyInfo.fetch(YggdrasilServicesKeyInfo.java:114) ~[authlib-6.0.57.jar%2394!/:?]
	at MC-BOOTSTRAP/authlib@6.0.57/com.mojang.authlib.yggdrasil.YggdrasilServicesKeyInfo$1.run(YggdrasilServicesKeyInfo.java:89) ~[authlib-6.0.57.jar%2394!/:?]
	at java.base/java.util.concurrent.Executors$RunnableAdapter.call(Executors.java:572) ~[?:?]
	at java.base/java.util.concurrent.FutureTask.run(FutureTask.java:317) ~[?:?]
	at java.base/java.util.concurrent.ScheduledThreadPoolExecutor$ScheduledFutureTask.run(ScheduledThreadPoolExecutor.java:304) ~[?:?]
	at java.base/java.util.concurrent.ThreadPoolExecutor.runWorker(ThreadPoolExecutor.java:1144) ~[?:?]
	at java.base/java.util.concurrent.ThreadPoolExecutor$Worker.run(ThreadPoolExecutor.java:642) ~[?:?]
	at java.base/java.lang.Thread.run(Thread.java:1583) [?:?]
Caused by: java.net.SocketTimeoutException: Connect timed out
	at java.base/sun.nio.ch.NioSocketImpl.timedFinishConnect(NioSocketImpl.java:546) ~[?:?]
	at java.base/sun.nio.ch.NioSocketImpl.connect(NioSocketImpl.java:592) ~[?:?]
	at java.base/java.net.SocksSocketImpl.connect(SocksSocketImpl.java:327) ~[?:?]
	at java.base/java.net.Socket.connect(Socket.java:751) ~[?:?]
	at java.base/sun.security.ssl.SSLSocketImpl.connect(SSLSocketImpl.java:304) ~[?:?]
	at java.base/sun.net.NetworkClient.doConnect(NetworkClient.java:178) ~[?:?]
	at java.base/sun.net.www.http.HttpClient.openServer(HttpClient.java:531) ~[?:?]
	at java.base/sun.net.www.http.HttpClient.openServer(HttpClient.java:636) ~[?:?]
	at java.base/sun.net.www.protocol.https.HttpsClient.<init>(HttpsClient.java:264) ~[?:?]
	at java.base/sun.net.www.protocol.https.HttpsClient.New(HttpsClient.java:377) ~[?:?]
	at java.base/sun.net.www.protocol.https.AbstractDelegateHttpsURLConnection.getNewHttpClient(AbstractDelegateHttpsURLConnection.java:193) ~[?:?]
	at java.base/sun.net.www.protocol.http.HttpURLConnection.plainConnect0(HttpURLConnection.java:1297) ~[?:?]
	at java.base/sun.net.www.protocol.http.HttpURLConnection.plainConnect(HttpURLConnection.java:1138) ~[?:?]
	at java.base/sun.net.www.protocol.https.AbstractDelegateHttpsURLConnection.connect(AbstractDelegateHttpsURLConnection.java:179) ~[?:?]
	at java.base/sun.net.www.protocol.http.HttpURLConnection.getInputStream0(HttpURLConnection.java:1690) ~[?:?]
	at java.base/sun.net.www.protocol.http.HttpURLConnection.getInputStream(HttpURLConnection.java:1614) ~[?:?]
	at java.base/java.net.HttpURLConnection.getResponseCode(HttpURLConnection.java:531) ~[?:?]
	at java.base/sun.net.www.protocol.https.HttpsURLConnectionImpl.getResponseCode(HttpsURLConnectionImpl.java:307) ~[?:?]
	at MC-BOOTSTRAP/authlib@6.0.57/com.mojang.authlib.minecraft.client.MinecraftClient.readInputStream(MinecraftClient.java:82) ~[authlib-6.0.57.jar%2394!/:?]
	... 9 more
[14Jun2025 14:48:01.132] [Server thread/INFO] [net.minecraft.world.entity.LivingEntity/]: Named entity MarbEntity['È©¨ÂçöÔºÅ'/532, l='ServerLevel[world]', x=-335.75, y=69.00, z=135.74] died: È©¨ÂçöÔºÅ was slain by Dev
[14Jun2025 14:48:12.969] [Server thread/INFO] [net.minecraft.world.entity.LivingEntity/]: Named entity MarbEntity['È©¨ÂçöÔºÅ'/531, l='ServerLevel[world]', x=-355.29, y=69.00, z=163.27] died: È©¨ÂçöÔºÅ was slain by Dev
[14Jun2025 14:48:15.076] [Server thread/INFO] [net.minecraft.world.entity.LivingEntity/]: Named entity MarbEntity['È©¨ÂçöÔºÅ'/550, l='ServerLevel[world]', x=-360.38, y=69.00, z=172.08] died: È©¨ÂçöÔºÅ was slain by Dev
[14Jun2025 14:48:18.368] [Server thread/INFO] [net.minecraft.world.entity.LivingEntity/]: Named entity MarbEntity['È©¨ÂçöÔºÅ'/845, l='ServerLevel[world]', x=-362.34, y=69.00, z=164.65] died: È©¨ÂçöÔºÅ was slain by Dev
[14Jun2025 14:48:32.771] [Server thread/INFO] [net.minecraft.world.entity.LivingEntity/]: Named entity MarbEntity['È©¨ÂçöÔºÅ'/843, l='ServerLevel[world]', x=-360.31, y=68.00, z=187.30] died: È©¨ÂçöÔºÅ was slain by Dev
[14Jun2025 14:48:59.466] [Server thread/INFO] [net.minecraft.world.entity.LivingEntity/]: Named entity MarbEntity['È©¨ÂçöÔºÅ'/841, l='ServerLevel[world]', x=-381.50, y=69.00, z=192.49] died: È©¨ÂçöÔºÅ was slain by Dev
[14Jun2025 14:49:10.563] [Server thread/INFO] [net.minecraft.server.MinecraftServer/]: [Dev: Set own game mode to Creative Mode]
[14Jun2025 14:49:54.907] [Server thread/INFO] [net.minecraft.server.MinecraftServer/]: Dev has made the advancement [The End?]
[14Jun2025 14:49:58.132] [Server thread/INFO] [net.minecraft.world.level.dimension.end.EndDragonFight/]: Scanning for legacy world dragon fight...
[14Jun2025 14:49:58.138] [Server thread/INFO] [net.minecraft.world.level.dimension.end.EndDragonFight/]: Found that the dragon has not yet been killed in this world.
[14Jun2025 14:49:59.879] [Server thread/WARN] [net.minecraft.server.MinecraftServer/]: Can't keep up! Is the server overloaded? Running 5585ms or 111 ticks behind
[14Jun2025 14:50:43.585] [Server thread/INFO] [net.minecraft.server.MinecraftServer/]: [Dev: Applied effect Night Vision to Dev]
[14Jun2025 14:50:50.491] [Server thread/INFO] [net.minecraft.server.MinecraftServer/]: [Dev: Set own game mode to Survival Mode]
[14Jun2025 14:51:25.216] [Server thread/INFO] [net.minecraft.server.MinecraftServer/]: Dev has made the advancement [Monster Hunter]
[14Jun2025 14:51:39.464] [Server thread/INFO] [net.minecraft.server.MinecraftServer/]: Dev was killed by Ender Dragon using magic
[14Jun2025 14:51:52.510] [Server thread/INFO] [net.minecraft.server.MinecraftServer/]: Stopping the server
[14Jun2025 14:51:52.561] [Server thread/INFO] [net.minecraft.server.MinecraftServer/]: Stopping server
[14Jun2025 14:51:52.577] [Server thread/INFO] [net.minecraft.server.MinecraftServer/]: Saving players
[14Jun2025 14:51:52.695] [Server thread/INFO] [net.minecraft.server.network.ServerGamePacketListenerImpl/]: Dev lost connection: Server closed
[14Jun2025 14:51:52.697] [Server thread/INFO] [net.minecraft.server.MinecraftServer/]: Dev left the game
[14Jun2025 14:51:52.825] [Server thread/INFO] [net.minecraft.server.MinecraftServer/]: Saving worlds
[14Jun2025 14:51:55.325] [Server thread/INFO] [net.minecraft.server.MinecraftServer/]: Saving chunks for level 'ServerLevel[world]'/minecraft:overworld
[14Jun2025 14:51:56.265] [Server thread/INFO] [net.minecraft.server.MinecraftServer/]: Saving chunks for level 'ServerLevel[world]'/minecraft:the_nether
[14Jun2025 14:51:56.302] [Server thread/INFO] [net.minecraft.server.MinecraftServer/]: Saving chunks for level 'ServerLevel[world]'/minecraft:the_end
[14Jun2025 14:51:56.446] [Server thread/INFO] [net.minecraft.server.MinecraftServer/]: ThreadedAnvilChunkStorage (world): All chunks are saved
[14Jun2025 14:51:56.446] [Server thread/INFO] [net.minecraft.server.MinecraftServer/]: ThreadedAnvilChunkStorage (DIM-1): All chunks are saved
[14Jun2025 14:51:56.447] [Server thread/INFO] [net.minecraft.server.MinecraftServer/]: ThreadedAnvilChunkStorage (DIM1): All chunks are saved
[14Jun2025 14:51:56.447] [Server thread/INFO] [net.minecraft.server.MinecraftServer/]: ThreadedAnvilChunkStorage: All dimensions are saved
úÂ∫îÁî®‰∫éDev
[14Jun2025 14:50:50.502] [Render thread/INFO] [net.minecraft.client.gui.components.ChatComponent/]: [System] [CHAT] Â∑≤Â∞ÜËá™Â∑±ÁöÑÊ∏∏ÊàèÊ®°ÂºèËÆæÁΩÆ‰∏∫ÁîüÂ≠òÊ®°Âºè
[14Jun2025 14:51:25.224] [Render thread/INFO] [net.minecraft.client.gui.components.ChatComponent/]: [System] [CHAT] DevÂèñÂæó‰∫ÜËøõÂ∫¶[ÊÄ™Áâ©Áåé‰∫∫]
[14Jun2025 14:51:25.256] [Render thread/INFO] [net.minecraft.advancements.AdvancementTree/]: Loaded 100 advancements
[14Jun2025 14:51:39.477] [Render thread/INFO] [net.minecraft.client.gui.components.ChatComponent/]: [System] [CHAT] DevË¢´Êú´ÂΩ±Èæô‰ΩøÁî®ÁöÑÈ≠îÊ≥ïÊùÄÊ≠ª‰∫Ü
[14Jun2025 14:51:52.520] [Render thread/INFO] [net.minecraft.client.gui.components.ChatComponent/]: [System] [CHAT] [Server: Ê≠£Âú®ÂÖ≥Èó≠ÊúçÂä°Âô®]
[14Jun2025 14:51:52.776] [Render thread/WARN] [net.minecraft.client.multiplayer.ClientCommonPacketListenerImpl/]: Client disconnected with reason: ËøûÊé•‰∏≠Êñ≠
[14Jun2025 14:51:56.342] [Render thread/INFO] [net.minecraft.client.Minecraft/]: Stopping!
